Arguments: 
  /Users/odi/.nvm/versions/node/v9.0.0/bin/node /usr/local/Cellar/yarn/1.2.1/libexec/bin/yarn.js

PATH: 
  /Users/odi/.nvm/versions/node/v9.0.0/bin:/usr/local/bin:/usr/local/sbin:/usr/bin:/bin:/usr/sbin:/sbin:/usr/local/go/bin:/opt/X11/bin:/usr/local/bin:/Users/odi/Library/Android/sdk/tools:/Users/odi/Library/Android/sdk/platform-tools

Yarn version: 
  1.2.1

Node version: 
  9.0.0

Platform: 
  darwin x64

npm manifest: 
  {
    "name": "tride-client",
    "version": "0.1.0",
    "private": true,
    "devDependencies": {
      "jest-expo": "^21.0.2",
      "react-native-scripts": "1.5.0",
      "react-test-renderer": "16.0.0-alpha.12"
    },
    "main": "./node_modules/react-native-scripts/build/bin/crna-entry.js",
    "scripts": {
      "start": "react-native-scripts start",
      "eject": "react-native-scripts eject",
      "android": "react-native-scripts android",
      "ios": "react-native-scripts ios",
      "test": "node node_modules/jest/bin/jest.js --watch"
    },
    "jest": {
      "preset": "jest-expo"
    },
    "dependencies": {
      "expo": "^21.0.0",
      "p-debounce": "^1.0.0",
      "react": "16.0.0-alpha.12",
      "react-native": "^0.48.4",
      "react-native-elements": "^0.17.0",
      "react-navigation": "^1.0.0-beta.19",
      "react-redux": "^5.0.6",
      "redux": "^3.7.2",
      "redux-thunk": "^2.2.0"
    }
  }

yarn manifest: 
  No manifest

Lockfile: 
  No lockfile

Trace: 
  Error: read ETIMEDOUT
      at _errnoException (util.js:1031:13)
      at TLSWrap.onread (net.js:619:25)
